<?xml version="1.0" encoding="UTF-8"?>
<testng-results skipped="0" failed="0" total="4" passed="4">
  <reporter-output>
  </reporter-output>
  <suite name="Suite" duration-ms="10905" started-at="2022-03-16T10:38:54Z" finished-at="2022-03-16T10:39:05Z">
    <groups>
    </groups>
    <test name="Test" duration-ms="10905" started-at="2022-03-16T10:38:54Z" finished-at="2022-03-16T10:39:05Z">
      <class name="RestAssureTest.Ecommerce">
        <test-method status="PASS" signature="logIn()[pri:1, instance:RestAssureTest.Ecommerce@55040f2f]" name="logIn" duration-ms="4094" started-at="2022-03-16T16:08:58Z" finished-at="2022-03-16T16:09:02Z">
          <reporter-output>
          </reporter-output>
        </test-method> <!-- logIn -->
      </class> <!-- RestAssureTest.Ecommerce -->
      <class name="RestAssureTest.trello">
        <test-method status="PASS" signature="createBoard()[pri:0, instance:RestAssureTest.trello@275710fc]" name="createBoard" duration-ms="3374" started-at="2022-03-16T16:08:54Z" finished-at="2022-03-16T16:08:58Z">
          <reporter-output>
          </reporter-output>
        </test-method> <!-- createBoard -->
        <test-method status="PASS" signature="GetBoard()[pri:1, instance:RestAssureTest.trello@275710fc]" name="GetBoard" duration-ms="683" started-at="2022-03-16T16:09:02Z" finished-at="2022-03-16T16:09:02Z">
          <reporter-output>
          </reporter-output>
        </test-method> <!-- GetBoard -->
        <test-method status="PASS" signature="DeleteBoard()[pri:2, instance:RestAssureTest.trello@275710fc]" name="DeleteBoard" duration-ms="2735" started-at="2022-03-16T16:09:02Z" finished-at="2022-03-16T16:09:05Z">
          <reporter-output>
          </reporter-output>
        </test-method> <!-- DeleteBoard -->
      </class> <!-- RestAssureTest.trello -->
    </test> <!-- Test -->
  </suite> <!-- Suite -->
</testng-results>
