<?xml version="1.0" encoding="UTF-8"?>
<!-- Generated by org.testng.reporters.JUnitXMLReporter -->
<testsuite hostname="DESKTOP-UDFA006" name="Test" tests="4" failures="0" timestamp="16 Mar 2022 10:39:05 GMT" time="10.905" errors="0">
  <testcase name="createBoard" time="3.374" classname="RestAssureTest.trello"/>
  <testcase name="logIn" time="4.094" classname="RestAssureTest.Ecommerce"/>
  <testcase name="GetBoard" time="0.683" classname="RestAssureTest.trello"/>
  <testcase name="DeleteBoard" time="2.735" classname="RestAssureTest.trello"/>
</testsuite> <!-- Test -->
